2013/08/05 00:49:38 [error] [php] include(C:\xampp\htdocs\shop_control\framework/web/widgets/CContentDecorator.php): failed to open stream: No such file or directory (C:\xampp\htdocs\shop_control\framework\YiiBase.php:397)
Stack trace:
#0 C:\xampp\htdocs\shop_control\framework\web\CWidgetFactory.php(146): import()
#1 C:\xampp\htdocs\shop_control\framework\web\CBaseController.php(146): CWidgetFactory->createWidget()
#2 C:\xampp\htdocs\shop_control\framework\web\CBaseController.php(189): SiteController->createWidget()
#3 C:\xampp\htdocs\shop_control\framework\web\CBaseController.php(291): SiteController->beginWidget()
#4 C:\xampp\htdocs\shop_control\protected\views\layouts\column1.php(2): SiteController->beginContent()
#5 C:\xampp\htdocs\shop_control\framework\web\CBaseController.php(126): require()
#6 C:\xampp\htdocs\shop_control\framework\web\CBaseController.php(95): SiteController->renderInternal()
#7 C:\xampp\htdocs\shop_control\framework\web\CController.php(784): SiteController->renderFile()
#8 C:\xampp\htdocs\shop_control\protected\controllers\SiteController.php(32): SiteController->render()
#9 C:\xampp\htdocs\shop_control\framework\web\actions\CInlineAction.php(49): SiteController->actionIndex()
#10 C:\xampp\htdocs\shop_control\framework\web\CController.php(308): CInlineAction->runWithParams()
#11 C:\xampp\htdocs\shop_control\framework\web\CController.php(286): SiteController->runAction()
#12 C:\xampp\htdocs\shop_control\framework\web\CController.php(265): SiteController->runActionWithFilters()
#13 C:\xampp\htdocs\shop_control\framework\web\CWebApplication.php(282): SiteController->run()
#14 C:\xampp\htdocs\shop_control\framework\web\CWebApplication.php(141): CWebApplication->runController()
#15 C:\xampp\htdocs\shop_control\framework\base\CApplication.php(169): CWebApplication->processRequest()
#16 C:\xampp\htdocs\shop_control\index.php(13): CWebApplication->run()
REQUEST_URI=/shop_control/index.php
in C:\xampp\htdocs\shop_control\protected\views\layouts\column1.php (2)
in C:\xampp\htdocs\shop_control\protected\controllers\SiteController.php (32)
in C:\xampp\htdocs\shop_control\index.php (13)
2013/08/05 00:49:38 [error] [php] include(C:\xampp\htdocs\shop_control\framework/web/widgets/CContentDecorator.php): failed to open stream: No such file or directory (C:\xampp\htdocs\shop_control\framework\YiiBase.php:397)
Stack trace:
#0 C:\xampp\htdocs\shop_control\framework\web\CWidgetFactory.php(146): import()
#1 C:\xampp\htdocs\shop_control\framework\web\CBaseController.php(146): CWidgetFactory->createWidget()
#2 C:\xampp\htdocs\shop_control\framework\web\CBaseController.php(189): SiteController->createWidget()
#3 C:\xampp\htdocs\shop_control\framework\web\CBaseController.php(291): SiteController->beginWidget()
#4 C:\xampp\htdocs\shop_control\protected\views\layouts\column1.php(2): SiteController->beginContent()
#5 C:\xampp\htdocs\shop_control\framework\web\CBaseController.php(126): require()
#6 C:\xampp\htdocs\shop_control\framework\web\CBaseController.php(95): SiteController->renderInternal()
#7 C:\xampp\htdocs\shop_control\framework\web\CController.php(784): SiteController->renderFile()
#8 C:\xampp\htdocs\shop_control\protected\controllers\SiteController.php(32): SiteController->render()
#9 C:\xampp\htdocs\shop_control\framework\web\actions\CInlineAction.php(49): SiteController->actionIndex()
#10 C:\xampp\htdocs\shop_control\framework\web\CController.php(308): CInlineAction->runWithParams()
#11 C:\xampp\htdocs\shop_control\framework\web\CController.php(286): SiteController->runAction()
#12 C:\xampp\htdocs\shop_control\framework\web\CController.php(265): SiteController->runActionWithFilters()
#13 C:\xampp\htdocs\shop_control\framework\web\CWebApplication.php(282): SiteController->run()
#14 C:\xampp\htdocs\shop_control\framework\web\CWebApplication.php(141): CWebApplication->runController()
#15 C:\xampp\htdocs\shop_control\framework\base\CApplication.php(169): CWebApplication->processRequest()
#16 C:\xampp\htdocs\shop_control\index.php(13): CWebApplication->run()
REQUEST_URI=/shop_control/index.php
in C:\xampp\htdocs\shop_control\protected\views\layouts\column1.php (2)
in C:\xampp\htdocs\shop_control\protected\controllers\SiteController.php (32)
in C:\xampp\htdocs\shop_control\index.php (13)
2013/08/05 00:49:38 [error] [php] include(C:\xampp\htdocs\shop_control\framework/web/widgets/CContentDecorator.php): failed to open stream: No such file or directory (C:\xampp\htdocs\shop_control\framework\YiiBase.php:397)
Stack trace:
#0 C:\xampp\htdocs\shop_control\framework\web\CWidgetFactory.php(146): import()
#1 C:\xampp\htdocs\shop_control\framework\web\CBaseController.php(146): CWidgetFactory->createWidget()
#2 C:\xampp\htdocs\shop_control\framework\web\CBaseController.php(189): SiteController->createWidget()
#3 C:\xampp\htdocs\shop_control\framework\web\CBaseController.php(291): SiteController->beginWidget()
#4 C:\xampp\htdocs\shop_control\protected\views\layouts\column1.php(2): SiteController->beginContent()
#5 C:\xampp\htdocs\shop_control\framework\web\CBaseController.php(126): require()
#6 C:\xampp\htdocs\shop_control\framework\web\CBaseController.php(95): SiteController->renderInternal()
#7 C:\xampp\htdocs\shop_control\framework\web\CController.php(784): SiteController->renderFile()
#8 C:\xampp\htdocs\shop_control\protected\controllers\SiteController.php(32): SiteController->render()
#9 C:\xampp\htdocs\shop_control\framework\web\actions\CInlineAction.php(49): SiteController->actionIndex()
#10 C:\xampp\htdocs\shop_control\framework\web\CController.php(308): CInlineAction->runWithParams()
#11 C:\xampp\htdocs\shop_control\framework\web\CController.php(286): SiteController->runAction()
#12 C:\xampp\htdocs\shop_control\framework\web\CController.php(265): SiteController->runActionWithFilters()
#13 C:\xampp\htdocs\shop_control\framework\web\CWebApplication.php(282): SiteController->run()
#14 C:\xampp\htdocs\shop_control\framework\web\CWebApplication.php(141): CWebApplication->runController()
#15 C:\xampp\htdocs\shop_control\framework\base\CApplication.php(169): CWebApplication->processRequest()
#16 C:\xampp\htdocs\shop_control\index.php(13): CWebApplication->run()
REQUEST_URI=/shop_control/index.php
in C:\xampp\htdocs\shop_control\protected\views\layouts\column1.php (2)
in C:\xampp\htdocs\shop_control\protected\controllers\SiteController.php (32)
in C:\xampp\htdocs\shop_control\index.php (13)
